<?xml version="1.0" encoding="UTF-8"?>
<testng-results ignored="0" total="1" passed="1" failed="0" skipped="0">
  <reporter-output>
  </reporter-output>
  <suite started-at="2023-10-24T17:21:08 IST" name="Default suite" finished-at="2023-10-24T17:22:42 IST" duration-ms="94048">
    <groups>
    </groups>
    <test started-at="2023-10-24T17:21:08 IST" name="Default test" finished-at="2023-10-24T17:22:42 IST" duration-ms="94048">
      <class name="test.Projecttest">
        <test-method is-config="true" signature="setup()[pri:0, instance:test.Projecttest@59474f18]" started-at="2023-10-24T17:21:08 IST" name="setup" finished-at="2023-10-24T17:21:16 IST" duration-ms="8503" status="PASS">
          <reporter-output>
          </reporter-output>
        </test-method> <!-- setup -->
        <test-method is-config="true" signature="url()[pri:0, instance:test.Projecttest@59474f18]" started-at="2023-10-24T17:21:16 IST" name="url" finished-at="2023-10-24T17:21:19 IST" duration-ms="3221" status="PASS">
          <reporter-output>
          </reporter-output>
        </test-method> <!-- url -->
        <test-method signature="test()[pri:0, instance:test.Projecttest@59474f18]" started-at="2023-10-24T17:21:19 IST" name="test" finished-at="2023-10-24T17:22:42 IST" duration-ms="82188" status="PASS">
          <reporter-output>
          </reporter-output>
        </test-method> <!-- test -->
      </class> <!-- test.Projecttest -->
    </test> <!-- Default test -->
  </suite> <!-- Default suite -->
</testng-results>
